<?xml version="1.0" encoding="UTF-8"?>
<testng-results skipped="0" failed="0" total="2" passed="2">
  <reporter-output>
  </reporter-output>
  <suite name="Default suite" duration-ms="1574" started-at="2018-05-07T04:17:46Z" finished-at="2018-05-07T04:17:47Z">
    <groups>
    </groups>
    <test name="Default test" duration-ms="1574" started-at="2018-05-07T04:17:46Z" finished-at="2018-05-07T04:17:47Z">
      <class name="com.movie.rest.api.AppTest">
        <test-method status="PASS" signature="init()[pri:0, instance:com.movie.rest.api.AppTest@32d992b2]" name="init" is-config="true" duration-ms="496" started-at="2018-05-07T00:17:46Z" finished-at="2018-05-07T00:17:46Z">
          <reporter-output>
          </reporter-output>
        </test-method> <!-- init -->
        <test-method status="PASS" signature="Test02()[pri:0, instance:com.movie.rest.api.AppTest@32d992b2]" name="Test02" duration-ms="5" started-at="2018-05-07T00:17:46Z" finished-at="2018-05-07T00:17:46Z">
          <reporter-output>
          </reporter-output>
        </test-method> <!-- Test02 -->
        <test-method status="PASS" signature="test001()[pri:0, instance:com.movie.rest.api.AppTest@32d992b2]" name="test001" duration-ms="1063" started-at="2018-05-07T00:17:46Z" finished-at="2018-05-07T00:17:47Z">
          <reporter-output>
          </reporter-output>
        </test-method> <!-- test001 -->
      </class> <!-- com.movie.rest.api.AppTest -->
    </test> <!-- Default test -->
  </suite> <!-- Default suite -->
</testng-results>
